[01-08-28 오후 6:04:17]X01370030-010818.001 V]59 ID]1 - 001 : R-FB BEEL00151-00034 20010828-0198 
[01-08-28 오후 6:04:40]X01370030-010818.001 V]0 ID]1 - 101
[01-08-28 오후 6:04:50]X01400012-010818.000 V]59 ID]2 - 001 : N-84 BEBS33590-00011 20010828-0199 
[01-08-30 오전 9:31:34]X01380001-010830.003 V]59 ID]0 - 001 : N-85 BESL13858-00001 20010830-0011 
[01-08-30 오전 9:49:19]X01380001-010830.003 V]59 ID]0 - 001 : N-85 BESL13858-00001 20010830-0012 
[01-08-30 오전 10:11:32]X01380001-010830.003 V]59 ID]0 - 001 : N-85 BESL13858-00001 20010830-0013  S:BEA-010830-0085 T-85 85 85 84 84 0
[01-11-14 오전 11:49:36]X01580002-011113.000 V]59 ID]1 - 001 : N-00 BEBS39267-00002 20011114-0016 
[01-11-14 오후 12:31:49]X01580002-011113.000 V]59 ID]1 - 001 : N-3A BEBS39267-00002 20011114-0019  S:BEA-011114-0220 T-3A 3A 0 0 0 0
[01-11-14 오후 1:41:11]X01580002-011113.000 V]59 ID]1 - 001 : N-3A BEBS39267-00002 20011114-0022  S:BEA-011114-0247 T-3A 3A 0 0 0 0
[01-11-14 오후 1:41:45]X01580002-011113.000 V]59 ID]1 - 001 : N-3A BEBS39267-00002 20011114-0023  S:독촉 T-3A 3A 0 0 0 0
[01-11-14 오후 1:46:44]X01580002-011113.000 V]59 ID]1 - 001 : N-3A   
[01-12-06 오전 9:36:04]X05010001-011202.000 V]49 ID]0 - 001 : C-87 BEKJ10516-00012 20011206-0012  S:BED-011206-0016 T-87 86 87 86 86 86
[2002-02-07 오후 12:01:36]X01580002-020129.004 V]59 ID]1 - 001 : N-F8 BEBS39267-00002 20020207-0005  S:BEA-020207-0134 T-F8 F8 A4 A4 0 0
[2002-02-07 오후 12:02:51]X04490009-020205.000 V]59 ID]0 - 001 : N-F8 BEBS35828-00001 20020207-0006  S:BEA-020207-0135 T-F8 F8 A4 3B 86 86
[2002-06-23 오전 8:52:40]X04400003-020703.000 V]59 ID]2 - 001 : N-FC BEBS33669-00013 20020703-0079  S: T-FC FC 0 0 0 0
[2002-06-23 오전 8:55:35]X04400003-020703.000 V]59 ID]2 - 001 : N-FC BEBS33669-00013 20020703-0080  S: T-FC FC 0 0 0 0
[2002-06-23 오전 8:59:34]X04400003-020703.000 V]59 ID]2 - 001 : N-FC BEBS33669-00013 20020703-0082  S: T-FC FC 0 0 0 0
[2002-06-23 오전 9:06:52]X04400003-020703.000 V]59 ID]2 - 001 : N-FC BEBS33669-00013 20020703-0084  S:BEA-020703-0329 T-FC FC 0 0 0 0
172.28.71.38 : C:\DAS_DUMP\DATA\X01350007-020926.012 X01350007-020926.012 421
172.28.70.28 : send- C:\DAS_DUMP\DATA\X01350007-020926.012 X01350007-020926.012 421
[2002-09-26 오후 4:52:16]X01350007-020926.012 V]59 ID]2 - 001 : R-87 F7 H-FB BEBS38883-00008 20020926-0240 
172.28.71.38 : C:\DAS_DUMP\DATA\X01350007-020926.012 X01350007-020926.012 421
172.28.70.28 : send- C:\DAS_DUMP\DATA\X01350007-020926.012 X01350007-020926.012 421
[2002-09-26 오후 4:55:17]X01350007-020926.012 V]59 ID]2 - 001 : R-87 F7 H-FB BEBS38883-00008 20020926-0241 
172.28.71.38 : C:\DAS_DUMP\DATA\X04400005-020926.002 X04400005-020926.002 430
172.28.70.28 : send- C:\DAS_DUMP\DATA\X04400005-020926.002 X04400005-020926.002 430
[2002-09-26 오후 5:04:54]X04400005-020926.002 V]59 ID]1 - 001 : BEBS33669-00028 20020926-0242 
172.28.71.38 : C:\DAS_DUMP\DATA\X04400026-020926.01B X04400026-020926.01B 1195
172.28.70.28 : send- C:\DAS_DUMP\DATA\X04400026-020926.01B X04400026-020926.01B 1195
[2002-09-26 오후 5:22:21]X04400026-020926.01B V]59 ID]0 - 001 : N-FE BEBS33669-00121 20020926-0243 
[2002-09-26 오후 5:22:21]X04400026-020926.01B V]59 ID]1 - 001 : N-FE BEBS33669-00122 20020926-0244 
[2002-09-26 오후 5:22:21]X04400026-020926.01B V]59 ID]2 - 001 : N-FE BEBS33669-00123 20020926-0245 
172.28.71.38 : C:\DAS_DUMP\DATA\X01350007-020926.010 X01350007-020926.010 397
172.28.70.28 : send- C:\DAS_DUMP\DATA\X01350007-020926.010 X01350007-020926.010 397
[2002-09-26 오후 5:24:32]X01350007-020926.010 V]59 ID]0 - 001 : N-FB BEBS38883-00006 20020926-0246 
172.28.71.38 : C:\DAS_DUMP\DATA\X01400011-020926.006 X01400011-020926.006 419
172.28.70.28 : send- C:\DAS_DUMP\DATA\X01400011-020926.006 X01400011-020926.006 419
[2002-09-26 오후 5:28:59]X01400011-020926.006 V]59 ID]3 - 001 : R-F8 BEBS33590-00008 20020926-0247 
172.28.70.28 : Move Fail
172.28.71.38 : C:\DAS_DUMP\DATA\X04400026-020926.019 X04400026-020926.019 408
172.28.70.28 : send- C:\DAS_DUMP\DATA\X04400026-020926.019 X04400026-020926.019 408
[2002-09-26 오후 5:39:27]X04400026-020926.019 V]59 ID]0 - 001 : N-AB BEBS33669-00121 20020926-0248  S:Reinsert T-AB AB DF 0 0 0
Move Fail-> : 파일이 이미 열려있습니다.
172.28.70.28 : Move Fail
172.28.71.38 : C:\DAS_DUMP\DATA\X04400026-020926.01A X04400026-020926.01A 408
172.28.70.28 : send- C:\DAS_DUMP\DATA\X04400026-020926.01A X04400026-020926.01A 408
[2002-09-26 오후 5:45:33]X04400026-020926.01A V]59 ID]0 - 001 : R-AB BEBS33669-00121 20020926-0249 
172.28.71.38 : C:\DAS_DUMP\DATA\X04400026-020926.015 X04400026-020926.015 397
172.28.70.28 : send- C:\DAS_DUMP\DATA\X04400026-020926.015 X04400026-020926.015 397
[2002-09-26 오후 5:51:10]X04400026-020926.015 V]59 ID]0 - 001 : N-5F BEBS33669-00121 20020926-0250  S:Reinsert T-5F 5F 0 0 0 0
Move Fail-> : 파일이 이미 열려있습니다.
172.28.70.28 : Move Fail
Move Fail-> : 파일이 이미 열려있습니다.
Move Fail-> : 파일이 이미 열려있습니다.
Move Fail-> : 파일이 이미 열려있습니다.
Move Fail-> : 파일이 이미 열려있습니다.
Move Fail-> : 파일이 이미 열려있습니다.
Move Fail-> : 파일이 이미 열려있습니다.
Move Fail-> : 파일이 이미 열려있습니다.
Move Fail-> : 파일이 이미 열려있습니다.
Move Fail-> : 파일이 이미 열려있습니다.
Move Fail-> : 파일이 이미 열려있습니다.
Move Fail-> : 파일이 이미 열려있습니다.
Move Fail-> : 파일이 이미 열려있습니다.
Move Fail-> : 파일이 이미 열려있습니다.
Move Fail-> : 파일이 이미 열려있습니다.
Move Fail-> : 파일이 이미 열려있습니다.
Move Fail-> : 파일이 이미 열려있습니다.
Move Fail-> : 파일이 이미 열려있습니다.
Move Fail-> : 파일이 이미 열려있습니다.
Move Fail-> : 파일이 이미 열려있습니다.
Move Fail-> : 파일이 이미 열려있습니다.
Move Fail-> : 파일이 이미 열려있습니다.
Move Fail-> : 파일이 이미 열려있습니다.
Move Fail-> : 파일이 이미 열려있습니다.
Move Fail-> : 파일이 이미 열려있습니다.
Move Fail-> : 파일이 이미 열려있습니다.
Move Fail-> : 파일이 이미 열려있습니다.
Move Fail-> : 파일이 이미 열려있습니다.
Move Fail-> : 파일이 이미 열려있습니다.
Move Fail-> : 파일이 이미 열려있습니다.
Move Fail-> : 파일이 이미 열려있습니다.
Move Fail-> : 파일이 이미 열려있습니다.
Move Fail-> : 파일이 이미 열려있습니다.
Move Fail-> : 파일이 이미 열려있습니다.
Move Fail-> : 파일이 이미 열려있습니다.
Move Fail-> : 파일이 이미 열려있습니다.
Move Fail-> : 파일이 이미 열려있습니다.
Move Fail-> : 파일이 이미 열려있습니다.
Move Fail-> : 파일이 이미 열려있습니다.
Move Fail-> : 파일이 이미 열려있습니다.
Move Fail-> : 파일이 이미 열려있습니다.
Move Fail-> : 파일이 이미 열려있습니다.
Move Fail-> : 파일이 이미 열려있습니다.
Move Fail-> : 파일이 이미 열려있습니다.
Move Fail-> : 파일이 이미 열려있습니다.
Move Fail-> : 파일이 이미 열려있습니다.
Move Fail-> : 파일이 이미 열려있습니다.
Move Fail-> : 파일이 이미 열려있습니다.
Move Fail-> : 파일이 이미 열려있습니다.
Move Fail-> : 파일이 이미 열려있습니다.
Move Fail-> : 파일이 이미 열려있습니다.
Move Fail-> : 파일이 이미 열려있습니다.
Move Fail-> : 파일이 이미 열려있습니다.
Move Fail-> : 파일이 이미 열려있습니다.
Move Fail-> : 파일이 이미 열려있습니다.
Move Fail-> : 파일이 이미 열려있습니다.
Move Fail-> : 파일이 이미 열려있습니다.
Move Fail-> : 파일이 이미 열려있습니다.
Move Fail-> : 파일이 이미 열려있습니다.
Move Fail-> : 파일이 이미 열려있습니다.
Move Fail-> : 파일이 이미 열려있습니다.
Move Fail-> : 파일이 이미 열려있습니다.
Move Fail-> : 파일이 이미 열려있습니다.
Move Fail-> : 파일이 이미 열려있습니다.
Move Fail-> : 파일이 이미 열려있습니다.
Move Fail-> : 파일이 이미 열려있습니다.
Move Fail-> : 파일이 이미 열려있습니다.
Move Fail-> : 파일이 이미 열려있습니다.
Move Fail-> : 파일이 이미 열려있습니다.
Move Fail-> : 파일이 이미 열려있습니다.
172.28.71.38 : C:\DAS_DUMP\DATA\X04400026-020926.015 X04400026-020926.015 397
172.28.70.28 : send- C:\DAS_DUMP\DATA\X04400026-020926.015 X04400026-020926.015 397
[2002-09-26 오후 5:52:53]X04400026-020926.015 V]59 ID]0 - 001 : N-5F BEBS33669-00121 20020926-0251  S:Reinsert T-5F 5F 0 0 0 0
Move Fail-> : 파일이 이미 열려있습니다.
172.28.70.28 : Move Fail
Move Fail-> : 파일이 이미 열려있습니다.
Move Fail-> : 파일이 이미 열려있습니다.
Move Fail-> : 파일이 이미 열려있습니다.
Move Fail-> : 파일이 이미 열려있습니다.
Move Fail-> : 파일이 이미 열려있습니다.
Move Fail-> : 파일이 이미 열려있습니다.
172.28.71.38 : C:\DAS_DUMP\DATA\X01350007-020926.011 X01350007-020926.011 400
172.28.70.28 : send- C:\DAS_DUMP\DATA\X01350007-020926.011 X01350007-020926.011 400
[2002-09-26 오후 5:57:02]X01350007-020926.011 V]59 ID]2 - 001 : N-FB H-87 F7 BEBS38883-00008 20020926-0252 
Move Fail-> : 파일이 이미 열려있습니다.
172.28.70.28 : Move Fail
[2002-10-28 오후 12:12:22]X04400026-020926.01A V]59 ID]0 - 001 : R-AB BEBS33669-00121 20021028-0012 
[2002-11-04 오후 12:29:26]X01430001-021104.000 V]59 ID]0 - 001 : R-5F BEBS42480-00001 20021104-0031 
[2002-11-04 오후 12:35:11]X01430001-021104.000 V]59 ID]0 - 001 : R-5F BEBS42480-00001 20021104-0034 
[2002-11-04 오후 3:13:05]X01430001-021104.000 V]59 ID]0 - 001 : R-5F BEBS42480-00001 20021104-0077 
[2002-11-04 오후 3:14:18]X01430001-021104.000 V]59 ID]0 - 001 : R-5F BEBS42480-00001 20021104-0085 
[2002-11-04 오후 4:37:29]X01210001-021104.000 V]59 ID]2 - 001 : BEBS33288-00003 20021104-0094 
[2002-11-04 오후 4:39:55]X01210003-021102.000 V]59 ID]0 - 001 : R-FB H-F7 BEBS33288-00005 20021104-0095 
[2002-11-04 오후 4:50:10]X01520003-021104.000 V]59 ID]0 - 001 : R-F7 BEBS33928-00007 20021104-0098 
[2002-11-04 오후 4:51:45]X01430001-021104.000 V]59 ID]0 - 001 : R-5F BEBS42480-00001 20021104-0101 
[2002-11-06 오후 5:11:05]X01210001-021106.000 V]59 ID]1 - 001 : N-F7 BEBS33288-00002 20021106-0047  S:Reinsert T-F7 F7 86 86 86 86
Move Fail-> : 경로를 찾을 수 없습니다.
[2002-11-06 오후 5:27:48]X01210001-021106.000 V]59 ID]1 - 001 : N-F7 BEBS33288-00002 20021106-0051  S:BEA-021106-0383 T-F7 F7 86 86 86 86
Move Fail-> : 경로를 찾을 수 없습니다.
[2002-11-06 오후 7:12:19]X01210001-021106.000 V]59 ID]1 - 001 : N-F7 BEBS33288-00002 20021106-0055  S:Reinsert T-F7 F7 86 86 86 86
[2002-11-06 오후 7:20:47]X01210001-021106.000 V]59 ID]1 - 001 : N-F7 BEBS33288-00002 20021106-0056  S:Reinsert T-F7 F7 86 86 86 86
[2002-11-06 오후 7:21:42]X01210001-021106.000 V]59 ID]1 - 001 : N-F7 BEBS33288-00002 20021106-0058  S:Reinsert T-F7 F7 86 86 86 86
[2003-09-17 오후 12:50:39]X01350019-030901.000 V]59 ID]0 - 405 : BEBS43926-00001 20030917-0050 
[2003-09-17 오후 12:50:39]X01350019-030901.000 V]59 ID]1 - 405 :   
Move Fail-> : 경로를 찾을 수 없습니다.
